CRITICAL - 2024-11-25 08:20:28 --> CodeIgniter\View\Exceptions\ViewException: Invalid file: "navbar.php"
[Method: GET, Route: /]
in SYSTEMPATH/Exceptions/FrameworkException.php on line 41.
 1 SYSTEMPATH/View/View.php(222): CodeIgniter\Exceptions\FrameworkException::forInvalidFile()
 2 SYSTEMPATH/Common.php(1169): CodeIgniter\View\View->render()
 3 APPPATH/Controllers/Home.php(9): view()
 4 SYSTEMPATH/CodeIgniter.php(933): App\Controllers\Home->index()
 5 SYSTEMPATH/CodeIgniter.php(509): CodeIgniter\CodeIgniter->runController()
 6 SYSTEMPATH/CodeIgniter.php(355): CodeIgniter\CodeIgniter->handleRequest()
 7 SYSTEMPATH/Boot.php(325): CodeIgniter\CodeIgniter->run()
 8 SYSTEMPATH/Boot.php(67): CodeIgniter\Boot::runCodeIgniter()
 9 FCPATH/index.php(56): CodeIgniter\Boot::bootWeb()
10 SYSTEMPATH/rewrite.php(44): require_once('/home/etudiant/la220984/TP/s5/r5.05_prog_avancee/TaskMate/public/index.php')
CRITICAL - 2024-11-25 08:20:32 --> CodeIgniter\View\Exceptions\ViewException: Invalid file: "navbar.php"
[Method: GET, Route: /]
in SYSTEMPATH/Exceptions/FrameworkException.php on line 41.
 1 SYSTEMPATH/View/View.php(222): CodeIgniter\Exceptions\FrameworkException::forInvalidFile()
 2 SYSTEMPATH/Common.php(1169): CodeIgniter\View\View->render()
 3 APPPATH/Controllers/Home.php(9): view()
 4 SYSTEMPATH/CodeIgniter.php(933): App\Controllers\Home->index()
 5 SYSTEMPATH/CodeIgniter.php(509): CodeIgniter\CodeIgniter->runController()
 6 SYSTEMPATH/CodeIgniter.php(355): CodeIgniter\CodeIgniter->handleRequest()
 7 SYSTEMPATH/Boot.php(325): CodeIgniter\CodeIgniter->run()
 8 SYSTEMPATH/Boot.php(67): CodeIgniter\Boot::runCodeIgniter()
 9 FCPATH/index.php(56): CodeIgniter\Boot::bootWeb()
10 SYSTEMPATH/rewrite.php(44): require_once('/home/etudiant/la220984/TP/s5/r5.05_prog_avancee/TaskMate/public/index.php')
